{
  "RSpec": {
    "coverage": {
      "/home/hmtanbir/www/framework/ror/rails5/tickets/spec/support/features/session_helper.rb": [
        null,
        1,
        1,
        null,
        null,
        null,
        null,
        1,
        8,
        8,
        8,
        8,
        null,
        null,
        null,
        null,
        1,
        5,
        5,
        5,
        5,
        5,
        5,
        5,
        5,
        5,
        5,
        5,
        5,
        null,
        null,
        null,
        null
      ],
      "/home/hmtanbir/www/framework/ror/rails5/tickets/spec/controllers/application_controller_spec.rb": [
        1,
        null,
        1,
        null,
        11,
        7,
        5,
        null,
        null,
        null,
        null,
        null,
        11,
        null,
        1,
        10,
        null,
        null,
        1,
        1,
        1,
        3,
        null,
        1,
        1,
        null,
        null,
        null,
        1,
        1,
        null,
        null,
        1,
        1,
        null,
        null,
        null,
        null,
        1,
        1,
        1,
        null,
        null,
        1,
        1,
        null,
        null,
        null,
        null,
        1,
        1,
        1,
        1,
        null,
        null,
        1,
        1,
        null,
        null,
        null,
        null,
        1,
        1,
        1,
        null,
        null,
        1,
        1,
        null,
        null,
        null,
        null,
        1,
        1,
        1,
        1,
        null,
        null,
        1,
        1,
        null,
        null,
        null,
        1,
        1,
        1,
        null,
        null,
        1,
        1,
        null,
        null,
        null,
        null,
        1,
        null,
        1,
        1,
        1,
        null,
        null,
        1,
        1,
        null,
        null,
        null,
        1,
        1,
        1,
        null,
        null,
        1,
        1,
        null,
        null,
        null,
        null
      ],
      "/home/hmtanbir/www/framework/ror/rails5/tickets/app/controllers/application_controller.rb": [
        1,
        1,
        1,
        null,
        null,
        1,
        1,
        1,
        1,
        1,
        null,
        1,
        144,
        null,
        null,
        1,
        64,
        0,
        0,
        null,
        0,
        null,
        null,
        null,
        null,
        1,
        10,
        null,
        null,
        1,
        12,
        null,
        null,
        1,
        6,
        null,
        null
      ],
      "/home/hmtanbir/www/framework/ror/rails5/tickets/spec/controllers/dashboard_controller_spec.rb": [
        1,
        null,
        1,
        3,
        3,
        3,
        3,
        3,
        3,
        3,
        null,
        1,
        2,
        null,
        null,
        1,
        1,
        1,
        1,
        null,
        null,
        null,
        1,
        1,
        1,
        1,
        null,
        null,
        null,
        null
      ],
      "/home/hmtanbir/www/framework/ror/rails5/tickets/app/controllers/dashboard_controller.rb": [
        1,
        1,
        1,
        null,
        1,
        null,
        1,
        1,
        1,
        1,
        1,
        1,
        1,
        1,
        null,
        null,
        1,
        5,
        5,
        5,
        5,
        5,
        null,
        null,
        1,
        0,
        0,
        0,
        null,
        null,
        1,
        0,
        0,
        0,
        null,
        null,
        1,
        null,
        1,
        1,
        null,
        null
      ],
      "/home/hmtanbir/www/framework/ror/rails5/tickets/spec/controllers/password_changes_controller_spec.rb": [
        1,
        null,
        1,
        8,
        8,
        null,
        1,
        7,
        null,
        null,
        1,
        null,
        null,
        2,
        null,
        null,
        1,
        null,
        null,
        2,
        null,
        null,
        1,
        null,
        null,
        2,
        null,
        null,
        1,
        1,
        1,
        1,
        null,
        null,
        null,
        1,
        1,
        1,
        1,
        1,
        null,
        null,
        1,
        1,
        1,
        null,
        null,
        null,
        1,
        1,
        1,
        1,
        null,
        null,
        1,
        1,
        1,
        null,
        null,
        null,
        1,
        1,
        1,
        1,
        null,
        null,
        1,
        1,
        1,
        null,
        null,
        null,
        null
      ],
      "/home/hmtanbir/www/framework/ror/rails5/tickets/app/controllers/password_changes_controller.rb": [
        1,
        null,
        1,
        1,
        null,
        1,
        1,
        1,
        null,
        null,
        1,
        6,
        6,
        6,
        6,
        6,
        6,
        6,
        6,
        4,
        2,
        2,
        null,
        2,
        null,
        null,
        2,
        null,
        null,
        null
      ],
      "/home/hmtanbir/www/framework/ror/rails5/tickets/spec/controllers/sessions_controller_spec.rb": [
        1,
        null,
        1,
        9,
        9,
        1,
        8,
        null,
        null,
        null,
        null,
        null,
        1,
        null,
        null,
        2,
        null,
        null,
        1,
        null,
        null,
        2,
        null,
        null,
        1,
        null,
        null,
        2,
        null,
        null,
        1,
        1,
        1,
        1,
        1,
        null,
        null,
        1,
        1,
        1,
        null,
        null,
        null,
        1,
        1,
        1,
        1,
        null,
        null,
        1,
        1,
        1,
        null,
        null,
        null,
        1,
        1,
        1,
        1,
        null,
        null,
        1,
        1,
        1,
        null,
        null,
        null,
        null,
        1,
        1,
        2,
        null,
        null,
        1,
        1,
        1,
        null,
        null,
        1,
        1,
        1,
        null,
        null,
        null
      ],
      "/home/hmtanbir/www/framework/ror/rails5/tickets/app/controllers/sessions_controller.rb": [
        1,
        1,
        13,
        13,
        0,
        null,
        null,
        null,
        null,
        1,
        17,
        17,
        17,
        17,
        null,
        17,
        17,
        17,
        11,
        11,
        11,
        11,
        0,
        null,
        11,
        null,
        null,
        6,
        null,
        null,
        null,
        1,
        2,
        2,
        2,
        null,
        null
      ],
      "/home/hmtanbir/www/framework/ror/rails5/tickets/spec/controllers/ticket_replies_controller_spec.rb": [
        1,
        null,
        1,
        3,
        3,
        3,
        3,
        null,
        null,
        null,
        1,
        null,
        null,
        null,
        2,
        null,
        null,
        1,
        2,
        null,
        null,
        1,
        1,
        1,
        null,
        1,
        1,
        null,
        null,
        null,
        1,
        1,
        1,
        null,
        null,
        null,
        null
      ],
      "/home/hmtanbir/www/framework/ror/rails5/tickets/app/controllers/ticket_replies_controller.rb": [
        1,
        1,
        1,
        null,
        1,
        2,
        2,
        null,
        null,
        1,
        null,
        1,
        2,
        null,
        null,
        1,
        0,
        null,
        null,
        1,
        2,
        null,
        null,
        null
      ],
      "/home/hmtanbir/www/framework/ror/rails5/tickets/spec/controllers/tickets_controller_spec.rb": [
        1,
        null,
        1,
        12,
        12,
        12,
        null,
        null,
        null,
        1,
        null,
        null,
        null,
        null,
        null,
        null,
        10,
        null,
        null,
        1,
        null,
        null,
        null,
        null,
        null,
        null,
        2,
        null,
        null,
        1,
        11,
        null,
        null,
        null,
        null,
        null,
        null,
        1,
        1,
        1,
        1,
        1,
        null,
        null,
        null,
        1,
        1,
        1,
        1,
        1,
        null,
        null,
        null,
        1,
        1,
        1,
        1,
        1,
        null,
        null,
        null,
        1,
        1,
        1,
        1,
        1,
        null,
        null,
        null,
        1,
        1,
        1,
        null,
        null,
        null,
        1,
        1,
        1,
        1,
        null,
        null,
        null,
        null,
        1,
        1,
        1,
        null,
        null,
        null,
        null,
        null,
        null,
        1,
        null,
        null,
        1,
        1,
        1,
        1,
        null,
        null,
        1,
        1,
        1,
        1,
        null,
        null,
        null,
        1,
        1,
        1,
        1,
        1,
        null,
        null,
        null,
        null,
        1,
        1,
        1,
        1,
        1,
        null,
        null,
        null,
        1,
        1,
        1,
        1,
        null,
        null,
        null,
        null
      ],
      "/home/hmtanbir/www/framework/ror/rails5/tickets/app/controllers/tickets_controller.rb": [
        1,
        1,
        1,
        1,
        1,
        1,
        null,
        1,
        null,
        null,
        null,
        1,
        2,
        2,
        2,
        null,
        null,
        null,
        null,
        1,
        1,
        null,
        null,
        null,
        1,
        0,
        null,
        null,
        null,
        1,
        0,
        0,
        0,
        null,
        null,
        null,
        1,
        1,
        1,
        null,
        null,
        null,
        null,
        1,
        3,
        3,
        3,
        null,
        3,
        3,
        2,
        2,
        0,
        null,
        2,
        null,
        null,
        2,
        null,
        2,
        1,
        null,
        null,
        null,
        null,
        null,
        null,
        1,
        3,
        3,
        3,
        3,
        4,
        2,
        null,
        2,
        1,
        null,
        null,
        null,
        null,
        null,
        null,
        1,
        2,
        2,
        4,
        2,
        null,
        null,
        null,
        1,
        null,
        1,
        7,
        null,
        null,
        1,
        12,
        null,
        null,
        null,
        1,
        6,
        null,
        null
      ],
      "/home/hmtanbir/www/framework/ror/rails5/tickets/spec/controllers/user_types_controller_spec.rb": [
        1,
        null,
        1,
        15,
        15,
        15,
        null,
        1,
        14,
        null,
        null,
        1,
        null,
        null,
        13,
        null,
        1,
        null,
        null,
        3,
        null,
        null,
        1,
        1,
        1,
        1,
        1,
        null,
        null,
        null,
        1,
        1,
        1,
        1,
        1,
        null,
        null,
        null,
        1,
        1,
        1,
        1,
        1,
        null,
        null,
        null,
        1,
        1,
        1,
        1,
        1,
        null,
        null,
        null,
        1,
        1,
        1,
        1,
        null,
        null,
        1,
        1,
        1,
        null,
        null,
        null,
        1,
        1,
        1,
        1,
        null,
        null,
        null,
        null,
        1,
        1,
        1,
        null,
        null,
        1,
        null,
        null,
        1,
        1,
        1,
        1,
        null,
        null,
        1,
        1,
        1,
        1,
        null,
        null,
        1,
        1,
        1,
        1,
        null,
        null,
        null,
        1,
        1,
        1,
        1,
        1,
        null,
        null,
        1,
        1,
        1,
        1,
        null,
        null,
        null,
        null,
        1,
        1,
        1,
        1,
        1,
        null,
        null,
        null,
        1,
        1,
        1,
        1,
        null,
        null,
        null,
        null
      ],
      "/home/hmtanbir/www/framework/ror/rails5/tickets/app/controllers/user_types_controller.rb": [
        1,
        1,
        1,
        1,
        1,
        1,
        null,
        1,
        null,
        null,
        null,
        1,
        2,
        2,
        2,
        null,
        null,
        null,
        null,
        1,
        2,
        null,
        null,
        null,
        1,
        3,
        3,
        3,
        3,
        null,
        null,
        null,
        1,
        1,
        1,
        null,
        null,
        null,
        null,
        1,
        6,
        6,
        6,
        null,
        6,
        6,
        8,
        4,
        null,
        4,
        2,
        null,
        null,
        null,
        null,
        null,
        null,
        1,
        5,
        5,
        5,
        5,
        6,
        3,
        null,
        4,
        2,
        null,
        null,
        null,
        null,
        null,
        null,
        1,
        2,
        2,
        4,
        2,
        null,
        null,
        null,
        1,
        null,
        1,
        10,
        null,
        null,
        1,
        21,
        null,
        null,
        null,
        1,
        11,
        null,
        null,
        null
      ],
      "/home/hmtanbir/www/framework/ror/rails5/tickets/spec/controllers/users_controller_spec.rb": [
        1,
        null,
        1,
        17,
        5,
        17,
        17,
        null,
        1,
        16,
        null,
        null,
        1,
        null,
        null,
        null,
        null,
        null,
        null,
        null,
        null,
        13,
        null,
        1,
        null,
        null,
        null,
        null,
        null,
        null,
        null,
        null,
        null,
        4,
        null,
        null,
        1,
        1,
        1,
        1,
        1,
        null,
        null,
        null,
        1,
        1,
        1,
        1,
        1,
        null,
        null,
        null,
        1,
        1,
        1,
        1,
        1,
        null,
        null,
        null,
        1,
        1,
        1,
        1,
        1,
        null,
        null,
        null,
        1,
        1,
        1,
        1,
        1,
        null,
        null,
        null,
        1,
        1,
        1,
        1,
        null,
        null,
        1,
        1,
        1,
        null,
        null,
        null,
        1,
        1,
        1,
        1,
        null,
        null,
        1,
        1,
        1,
        null,
        null,
        null,
        null,
        1,
        1,
        1,
        null,
        null,
        null,
        null,
        null,
        null,
        null,
        null,
        1,
        null,
        null,
        1,
        1,
        1,
        1,
        null,
        null,
        1,
        1,
        1,
        1,
        null,
        null,
        1,
        1,
        1,
        1,
        null,
        null,
        null,
        1,
        1,
        1,
        1,
        1,
        null,
        null,
        1,
        1,
        1,
        1,
        null,
        null,
        null,
        null,
        1,
        1,
        1,
        1,
        1,
        null,
        null,
        null,
        1,
        1,
        1,
        1,
        null,
        null,
        null,
        null
      ],
      "/home/hmtanbir/www/framework/ror/rails5/tickets/app/controllers/users_controller.rb": [
        1,
        1,
        1,
        1,
        null,
        1,
        1,
        null,
        1,
        null,
        null,
        null,
        1,
        2,
        2,
        2,
        null,
        null,
        null,
        null,
        1,
        1,
        1,
        null,
        null,
        null,
        1,
        0,
        0,
        0,
        null,
        null,
        null,
        1,
        1,
        1,
        null,
        null,
        null,
        null,
        1,
        10,
        10,
        10,
        null,
        10,
        10,
        4,
        4,
        1,
        null,
        3,
        null,
        null,
        4,
        null,
        6,
        6,
        6,
        null,
        0,
        null,
        null,
        6,
        null,
        null,
        null,
        null,
        null,
        null,
        1,
        5,
        5,
        5,
        5,
        6,
        3,
        null,
        4,
        2,
        null,
        null,
        null,
        null,
        null,
        null,
        1,
        2,
        2,
        4,
        2,
        null,
        null,
        null,
        null,
        1,
        10,
        10,
        null,
        null,
        1,
        null,
        1,
        2,
        null,
        null,
        1,
        15,
        null,
        null,
        1,
        6,
        6,
        null,
        null,
        1,
        6,
        0,
        null,
        null,
        null,
        null,
        1,
        15,
        null,
        null,
        null
      ],
      "/home/hmtanbir/www/framework/ror/rails5/tickets/spec/features/new_user_type_spec.rb": [
        1,
        null,
        1,
        1,
        1,
        1,
        1,
        1,
        1,
        1,
        1,
        1,
        1,
        1,
        1,
        1,
        null,
        null,
        1,
        1,
        1,
        1,
        1,
        1,
        1,
        1,
        1,
        1,
        1,
        1,
        1,
        1,
        1,
        null,
        null
      ],
      "/home/hmtanbir/www/framework/ror/rails5/tickets/spec/features/registrations_spec.rb": [
        1,
        null,
        1,
        1,
        1,
        1,
        null,
        null,
        1,
        1,
        1,
        null,
        null,
        1,
        1,
        1,
        null,
        null,
        1,
        1,
        1,
        1,
        null,
        null,
        1,
        1,
        1,
        1,
        null,
        null
      ],
      "/home/hmtanbir/www/framework/ror/rails5/tickets/spec/features/sign_in_spec.rb": [
        1,
        null,
        1,
        1,
        1,
        1,
        null,
        null,
        1,
        1,
        1,
        1,
        1,
        1,
        null,
        null,
        1,
        1,
        1,
        1,
        1,
        1,
        null,
        null,
        1,
        1,
        1,
        1,
        1,
        1,
        null,
        null,
        1,
        1,
        1,
        1,
        1,
        1,
        null,
        null,
        1,
        1,
        1,
        1,
        1,
        1,
        null,
        null
      ],
      "/home/hmtanbir/www/framework/ror/rails5/tickets/spec/helpers/application_helper_spec.rb": [
        1,
        null,
        1,
        null,
        1,
        1,
        2,
        1,
        1,
        null,
        null,
        1,
        2,
        1,
        1,
        null,
        null,
        null,
        null
      ],
      "/home/hmtanbir/www/framework/ror/rails5/tickets/spec/helpers/users_helper_spec.rb": [
        1,
        null,
        1,
        8,
        8,
        null,
        1,
        1,
        1,
        null,
        null,
        null,
        1,
        1,
        1,
        null,
        null,
        null,
        1,
        1,
        1,
        1,
        null,
        1,
        1,
        null,
        null,
        null,
        1,
        1,
        1,
        1,
        null,
        1,
        1,
        null,
        null,
        null,
        null,
        1,
        1,
        1,
        null,
        1,
        1,
        null,
        null,
        null,
        1,
        1,
        1,
        null,
        null,
        null,
        1,
        1,
        1,
        1,
        null,
        1,
        1,
        null,
        null,
        null
      ],
      "/home/hmtanbir/www/framework/ror/rails5/tickets/spec/models/permission_spec.rb": [
        1,
        null,
        1,
        2,
        null
      ],
      "/home/hmtanbir/www/framework/ror/rails5/tickets/app/models/permission.rb": [
        1,
        1,
        null
      ],
      "/home/hmtanbir/www/framework/ror/rails5/tickets/app/models/application_record.rb": [
        1,
        1,
        null
      ],
      "/home/hmtanbir/www/framework/ror/rails5/tickets/spec/models/ticket_reply_spec.rb": [
        1,
        null,
        1,
        1,
        2,
        null,
        null,
        1,
        2,
        2,
        null,
        null
      ],
      "/home/hmtanbir/www/framework/ror/rails5/tickets/app/models/ticket_reply.rb": [
        1,
        1,
        1,
        null,
        1,
        null,
        null
      ],
      "/home/hmtanbir/www/framework/ror/rails5/tickets/spec/models/ticket_spec.rb": [
        1,
        null,
        1,
        10,
        10,
        4,
        3,
        2,
        2,
        2,
        1,
        2,
        2,
        2,
        2,
        null,
        null,
        1,
        2,
        2,
        null,
        null,
        1,
        1,
        1,
        null,
        null,
        null,
        1,
        1,
        1,
        null,
        null,
        null,
        1,
        1,
        1,
        null,
        null,
        null
      ],
      "/home/hmtanbir/www/framework/ror/rails5/tickets/app/models/ticket.rb": [
        1,
        1,
        1,
        1,
        1,
        null,
        null,
        1,
        1,
        null,
        null,
        null,
        1,
        1,
        null,
        null,
        1,
        1,
        null,
        null
      ],
      "/home/hmtanbir/www/framework/ror/rails5/tickets/spec/models/user_spec.rb": [
        1,
        null,
        1,
        20,
        20,
        20,
        20,
        20,
        20,
        1,
        null,
        2,
        2,
        2,
        2,
        2,
        2,
        2,
        2,
        2,
        null,
        1,
        16,
        null,
        null,
        1,
        1,
        1,
        null,
        null,
        null,
        1,
        1,
        1,
        null,
        null,
        null,
        null
      ],
      "/home/hmtanbir/www/framework/ror/rails5/tickets/app/models/user.rb": [
        1,
        1,
        null,
        null,
        1,
        1,
        1,
        1,
        null,
        1,
        null,
        188,
        1,
        1,
        1,
        1,
        1,
        null,
        null,
        1,
        1,
        null,
        null,
        null,
        1,
        2,
        null,
        null,
        null,
        null,
        1,
        2,
        null,
        null,
        null,
        1,
        4,
        null,
        4,
        null,
        null,
        null,
        1,
        4,
        null,
        null,
        null,
        1,
        4,
        4,
        null,
        null,
        null,
        1,
        0,
        0,
        null,
        null,
        null,
        1,
        11,
        null,
        null
      ],
      "/home/hmtanbir/www/framework/ror/rails5/tickets/spec/models/user_type_spec.rb": [
        1,
        null,
        1,
        2,
        2,
        null
      ],
      "/home/hmtanbir/www/framework/ror/rails5/tickets/app/models/user_type.rb": [
        1,
        1,
        null,
        1,
        1,
        1,
        1,
        null,
        1,
        null,
        null
      ],
      "/home/hmtanbir/www/framework/ror/rails5/tickets/spec/requests/tickets_spec.rb": [
        1,
        null,
        1,
        2,
        2,
        2,
        null,
        1,
        1,
        null,
        null,
        1,
        1,
        1,
        1,
        null,
        null,
        null
      ],
      "/home/hmtanbir/www/framework/ror/rails5/tickets/spec/requests/user_types_spec.rb": [
        1,
        null,
        1,
        2,
        2,
        2,
        null,
        1,
        1,
        null,
        null,
        1,
        1,
        1,
        1,
        null,
        null,
        null
      ],
      "/home/hmtanbir/www/framework/ror/rails5/tickets/spec/requests/users_spec.rb": [
        1,
        null,
        1,
        2,
        2,
        2,
        null,
        1,
        1,
        null,
        null,
        1,
        1,
        1,
        1,
        null,
        null,
        null
      ],
      "/home/hmtanbir/www/framework/ror/rails5/tickets/spec/routing/tickets_routing_spec.rb": [
        1,
        null,
        1,
        1,
        null,
        1,
        1,
        null,
        null,
        1,
        1,
        null,
        null,
        1,
        1,
        null,
        null,
        1,
        1,
        null,
        null,
        1,
        1,
        null,
        null,
        1,
        1,
        null,
        null,
        1,
        1,
        null,
        null,
        1,
        1,
        null,
        null,
        null,
        null
      ],
      "/home/hmtanbir/www/framework/ror/rails5/tickets/spec/routing/user_types_routing_spec.rb": [
        1,
        null,
        1,
        1,
        null,
        1,
        1,
        null,
        null,
        1,
        1,
        null,
        null,
        1,
        1,
        null,
        null,
        1,
        1,
        null,
        null,
        1,
        1,
        null,
        null,
        1,
        1,
        null,
        null,
        1,
        1,
        null,
        null,
        null,
        null
      ],
      "/home/hmtanbir/www/framework/ror/rails5/tickets/spec/routing/users_routing_spec.rb": [
        1,
        null,
        1,
        1,
        null,
        1,
        1,
        null,
        null,
        1,
        1,
        null,
        null,
        1,
        1,
        null,
        null,
        1,
        1,
        null,
        null,
        1,
        1,
        null,
        null,
        1,
        1,
        null,
        null,
        1,
        1,
        null,
        null,
        1,
        1,
        null,
        null,
        null,
        null
      ],
      "/home/hmtanbir/www/framework/ror/rails5/tickets/spec/factories/permissions.rb": [
        1,
        1,
        1,
        1,
        1,
        1,
        1,
        1,
        1,
        1,
        null,
        null
      ],
      "/home/hmtanbir/www/framework/ror/rails5/tickets/spec/factories/ticket_replies.rb": [
        1,
        1,
        1,
        1,
        1,
        null,
        null
      ],
      "/home/hmtanbir/www/framework/ror/rails5/tickets/spec/factories/tickets.rb": [
        1,
        1,
        1,
        1,
        1,
        1,
        1,
        1,
        null,
        null
      ],
      "/home/hmtanbir/www/framework/ror/rails5/tickets/spec/factories/user_types.rb": [
        1,
        1,
        1,
        1,
        null,
        null
      ],
      "/home/hmtanbir/www/framework/ror/rails5/tickets/spec/factories/users.rb": [
        1,
        1,
        1,
        1,
        1,
        1,
        1,
        1,
        1,
        1,
        1,
        null,
        null
      ]
    },
    "timestamp": 1500395873
  }
}
